TN:
SF:app\header.controller.js
FN:1,(anonymous_0)
FN:9,headerController
FN:17,iniciar
FN:22,(anonymous_3)
FN:26,serviceF
FN:28,(anonymous_5)
FN:33,logout
FNF:7
FNH:3
FNDA:1,(anonymous_0)
FNDA:2,headerController
FNDA:0,iniciar
FNDA:0,(anonymous_3)
FNDA:0,serviceF
FNDA:0,(anonymous_5)
FNDA:1,logout
DA:1,1
DA:4,1
DA:7,1
DA:10,2
DA:12,2
DA:13,2
DA:14,2
DA:15,2
DA:18,0
DA:21,2
DA:22,2
DA:23,0
DA:27,0
DA:29,0
DA:34,1
DA:35,1
LF:16
LH:12
BRF:0
BRH:0
end_of_record
TN:
SF:app\lista-compras.factory.js
FN:1,(anonymous_0)
FN:9,listaComprasFactory
FN:14,name
FNF:3
FNH:1
FNDA:1,(anonymous_0)
FNDA:0,listaComprasFactory
FNDA:0,name
DA:1,1
DA:4,1
DA:7,1
DA:10,0
LF:4
LH:3
BRF:0
BRH:0
end_of_record
TN:
SF:app\lista-compras.module.js
FN:1,(anonymous_0)
FNF:1
FNH:1
FNDA:1,(anonymous_0)
DA:1,1
DA:4,1
LF:2
LH:2
BRF:0
BRH:0
end_of_record
TN:
SF:app\lista-compras.routes.js
FN:1,(anonymous_0)
FN:11,routes
FN:54,configDefaults
FNF:3
FNH:3
FNDA:1,(anonymous_0)
FNDA:10,routes
FNDA:10,configDefaults
DA:1,1
DA:4,1
DA:8,1
DA:9,1
DA:12,10
DA:55,10
LF:6
LH:6
BRF:0
BRH:0
end_of_record
TN:
SF:app\lista-compras.service.js
FN:1,(anonymous_0)
FN:9,listaComprasService
FN:16,exemplo
FN:18,(anonymous_3)
FN:24,logar
FN:26,(anonymous_5)
FN:32,register
FN:34,(anonymous_7)
FNF:8
FNH:4
FNDA:1,(anonymous_0)
FNDA:3,listaComprasService
FNDA:2,exemplo
FNDA:1,(anonymous_3)
FNDA:0,logar
FNDA:0,(anonymous_5)
FNDA:0,register
FNDA:0,(anonymous_7)
DA:1,1
DA:4,1
DA:7,1
DA:10,3
DA:17,2
DA:19,1
DA:25,0
DA:27,0
DA:33,0
DA:35,0
LF:10
LH:6
BRF:0
BRH:0
end_of_record
TN:
SF:app\acesso\acesso.controller.js
FN:1,(anonymous_0)
FN:9,acessoController
FN:16,logar
FN:18,(anonymous_3)
FN:31,register
FN:42,tratarRes
FNF:6
FNH:1
FNDA:1,(anonymous_0)
FNDA:0,acessoController
FNDA:0,logar
FNDA:0,(anonymous_3)
FNDA:0,register
FNDA:0,tratarRes
DA:1,1
DA:4,1
DA:7,1
DA:10,0
DA:12,0
DA:13,0
DA:14,0
DA:17,0
DA:19,0
DA:20,0
DA:22,0
DA:24,0
DA:25,0
DA:32,0
DA:38,0
DA:43,0
DA:44,0
DA:46,0
DA:47,0
DA:48,0
LF:20
LH:3
BRDA:19,0,0,0
BRDA:19,0,1,0
BRDA:43,1,0,0
BRDA:43,1,1,0
BRF:4
BRH:0
end_of_record
TN:
SF:app\categorias\categorias.controller.js
FN:1,(anonymous_0)
FN:13,categoriasController
FN:22,iniciar
FN:25,(anonymous_3)
FN:33,submit
FN:41,consultar
FN:45,tratarRetorno
FN:54,irEditar
FN:58,deletar
FN:62,tratarRetorno
FN:71,listarCategorias
FN:75,salvarCategorias
FN:80,cadastrar
FN:82,(anonymous_13)
FN:87,editar
FN:89,(anonymous_15)
FN:94,tratarResposta
FNF:17
FNH:1
FNDA:1,(anonymous_0)
FNDA:0,categoriasController
FNDA:0,iniciar
FNDA:0,(anonymous_3)
FNDA:0,submit
FNDA:0,consultar
FNDA:0,tratarRetorno
FNDA:0,irEditar
FNDA:0,deletar
FNDA:0,tratarRetorno
FNDA:0,listarCategorias
FNDA:0,salvarCategorias
FNDA:0,cadastrar
FNDA:0,(anonymous_13)
FNDA:0,editar
FNDA:0,(anonymous_15)
FNDA:0,tratarResposta
DA:1,1
DA:4,1
DA:7,1
DA:14,0
DA:16,0
DA:17,0
DA:18,0
DA:19,0
DA:20,0
DA:23,0
DA:24,0
DA:26,0
DA:29,0
DA:34,0
DA:35,0
DA:37,0
DA:42,0
DA:46,0
DA:47,0
DA:49,0
DA:55,0
DA:59,0
DA:63,0
DA:64,0
DA:66,0
DA:67,0
DA:72,0
DA:76,0
DA:81,0
DA:83,0
DA:88,0
DA:90,0
DA:95,0
DA:96,0
DA:97,0
DA:99,0
LF:36
LH:3
BRDA:23,0,0,0
BRDA:23,0,1,0
BRDA:34,1,0,0
BRDA:34,1,1,0
BRDA:46,2,0,0
BRDA:46,2,1,0
BRDA:63,3,0,0
BRDA:63,3,1,0
BRDA:95,4,0,0
BRDA:95,4,1,0
BRF:10
BRH:0
end_of_record
TN:
SF:app\categorias\categorias.service.js
FN:1,(anonymous_0)
FN:9,categoriasService
FN:18,listar
FN:20,(anonymous_3)
FN:26,cadastrar
FN:28,(anonymous_5)
FN:34,consultar
FN:36,(anonymous_7)
FN:42,editar
FN:44,(anonymous_9)
FN:50,deletar
FN:52,(anonymous_11)
FNF:12
FNH:1
FNDA:1,(anonymous_0)
FNDA:0,categoriasService
FNDA:0,listar
FNDA:0,(anonymous_3)
FNDA:0,cadastrar
FNDA:0,(anonymous_5)
FNDA:0,consultar
FNDA:0,(anonymous_7)
FNDA:0,editar
FNDA:0,(anonymous_9)
FNDA:0,deletar
FNDA:0,(anonymous_11)
DA:1,1
DA:4,1
DA:7,1
DA:10,0
DA:19,0
DA:21,0
DA:27,0
DA:29,0
DA:35,0
DA:37,0
DA:43,0
DA:45,0
DA:51,0
DA:53,0
LF:14
LH:3
BRF:0
BRH:0
end_of_record
TN:
SF:app\componentes\mensagens-alertas.component.js
FN:1,(anonymous_0)
FNF:1
FNH:1
FNDA:1,(anonymous_0)
DA:1,1
DA:4,1
LF:2
LH:2
BRF:0
BRH:0
end_of_record
TN:
SF:app\componentes\mensagens-alertas.controller.js
FN:1,(anonymous_0)
FN:9,mensagensAlertasController
FN:20,funcao
FNF:3
FNH:1
FNDA:1,(anonymous_0)
FNDA:0,mensagensAlertasController
FNDA:0,funcao
DA:1,1
DA:4,1
DA:7,1
DA:10,0
DA:12,0
DA:14,0
DA:21,0
DA:22,0
LF:8
LH:3
BRF:0
BRH:0
end_of_record
TN:
SF:app\diretivas\exemplo.directive.js
FN:1,(anonymous_0)
FN:9,exemplo
FNF:2
FNH:0
FNDA:0,(anonymous_0)
FNDA:0,exemplo
DA:1,0
DA:4,0
DA:7,0
DA:11,0
LF:4
LH:0
BRF:0
BRH:0
end_of_record
TN:
SF:app\itens\itens.controller.js
FN:1,(anonymous_0)
FN:13,itensController
FN:22,iniciar
FN:25,(anonymous_3)
FN:35,submit
FN:43,consultar
FN:47,tratarRetorno
FN:55,irEditar
FN:59,deletar
FN:63,tratarRetorno
FN:73,listar
FN:77,salvarItens
FN:82,listarCategorias
FN:86,salvarCategorias
FN:91,cadastrar
FN:93,(anonymous_15)
FN:98,editar
FN:100,(anonymous_17)
FN:105,tratarResposta
FNF:19
FNH:1
FNDA:1,(anonymous_0)
FNDA:0,itensController
FNDA:0,iniciar
FNDA:0,(anonymous_3)
FNDA:0,submit
FNDA:0,consultar
FNDA:0,tratarRetorno
FNDA:0,irEditar
FNDA:0,deletar
FNDA:0,tratarRetorno
FNDA:0,listar
FNDA:0,salvarItens
FNDA:0,listarCategorias
FNDA:0,salvarCategorias
FNDA:0,cadastrar
FNDA:0,(anonymous_15)
FNDA:0,editar
FNDA:0,(anonymous_17)
FNDA:0,tratarResposta
DA:1,1
DA:4,1
DA:7,1
DA:14,0
DA:16,0
DA:17,0
DA:18,0
DA:19,0
DA:20,0
DA:23,0
DA:24,0
DA:26,0
DA:30,0
DA:36,0
DA:37,0
DA:39,0
DA:44,0
DA:48,0
DA:49,0
DA:51,0
DA:56,0
DA:60,0
DA:64,0
DA:65,0
DA:67,0
DA:68,0
DA:74,0
DA:78,0
DA:83,0
DA:87,0
DA:92,0
DA:94,0
DA:99,0
DA:101,0
DA:106,0
DA:107,0
DA:108,0
DA:110,0
LF:38
LH:3
BRDA:23,0,0,0
BRDA:23,0,1,0
BRDA:36,1,0,0
BRDA:36,1,1,0
BRDA:48,2,0,0
BRDA:48,2,1,0
BRDA:64,3,0,0
BRDA:64,3,1,0
BRDA:106,4,0,0
BRDA:106,4,1,0
BRF:10
BRH:0
end_of_record
TN:
SF:app\itens\itens.service.js
FN:1,(anonymous_0)
FN:9,itensService
FN:19,listar
FN:21,(anonymous_3)
FN:27,listarCategorias
FN:29,(anonymous_5)
FN:35,cadastrar
FN:37,(anonymous_7)
FN:43,consultar
FN:45,(anonymous_9)
FN:51,editar
FN:53,(anonymous_11)
FN:59,deletar
FN:61,(anonymous_13)
FNF:14
FNH:1
FNDA:1,(anonymous_0)
FNDA:0,itensService
FNDA:0,listar
FNDA:0,(anonymous_3)
FNDA:0,listarCategorias
FNDA:0,(anonymous_5)
FNDA:0,cadastrar
FNDA:0,(anonymous_7)
FNDA:0,consultar
FNDA:0,(anonymous_9)
FNDA:0,editar
FNDA:0,(anonymous_11)
FNDA:0,deletar
FNDA:0,(anonymous_13)
DA:1,1
DA:4,1
DA:7,1
DA:10,0
DA:20,0
DA:22,0
DA:28,0
DA:30,0
DA:36,0
DA:38,0
DA:44,0
DA:46,0
DA:52,0
DA:54,0
DA:60,0
DA:62,0
LF:16
LH:3
BRF:0
BRH:0
end_of_record
TN:
SF:app\utilities\constantes.js
FN:1,(anonymous_0)
FNF:1
FNH:1
FNDA:1,(anonymous_0)
DA:1,1
DA:4,1
LF:2
LH:2
BRF:0
BRH:0
end_of_record
TN:
SF:app\utilities\filtros.js
FN:1,(anonymous_0)
FN:5,(anonymous_1)
FN:6,(anonymous_2)
FNF:3
FNH:3
FNDA:1,(anonymous_0)
FNDA:8,(anonymous_1)
FNDA:1,(anonymous_2)
DA:1,1
DA:4,1
DA:6,8
DA:7,1
LF:4
LH:4
BRDA:7,0,0,1
BRDA:7,0,1,0
BRDA:7,1,0,1
BRDA:7,1,1,1
BRF:4
BRH:3
end_of_record
TN:
SF:app\utilities\helper.factory.js
FN:1,(anonymous_0)
FN:14,helperFactory
FN:26,addMsg
FN:38,path
FN:43,setRootScope
FN:47,getRootScope
FN:51,sendError
FN:55,go
FN:67,isLoggedIn
FN:76,setPage
FNF:10
FNH:5
FNDA:1,(anonymous_0)
FNDA:7,helperFactory
FNDA:0,addMsg
FNDA:1,path
FNDA:1,setRootScope
FNDA:0,getRootScope
FNDA:2,sendError
FNDA:0,go
FNDA:0,isLoggedIn
FNDA:0,setPage
DA:1,1
DA:4,1
DA:7,1
DA:16,7
DA:27,0
DA:29,0
DA:30,0
DA:39,1
DA:40,1
DA:44,1
DA:48,0
DA:52,2
DA:56,0
DA:58,0
DA:59,0
DA:60,0
DA:62,0
DA:65,0
DA:68,0
DA:69,0
DA:71,0
DA:72,0
DA:77,0
DA:78,0
DA:79,0
DA:80,0
LF:26
LH:8
BRDA:27,0,0,0
BRDA:27,0,1,0
BRDA:29,1,0,0
BRDA:29,1,1,0
BRDA:31,2,0,0
BRDA:31,2,1,0
BRDA:32,3,0,0
BRDA:32,3,1,0
BRDA:33,4,0,0
BRDA:33,4,1,0
BRDA:40,5,0,1
BRDA:40,5,1,0
BRDA:58,6,0,0
BRDA:58,6,1,0
BRDA:59,7,0,0
BRDA:59,7,1,0
BRDA:59,8,0,0
BRDA:59,8,1,0
BRDA:68,9,0,0
BRDA:68,9,1,0
BRDA:78,10,0,0
BRDA:78,10,1,0
BRF:22
BRH:1
end_of_record
